<?xml version="1.0" encoding="UTF-8"?>
<!-- Generated by org.testng.reporters.JUnitReportReporter -->
<testsuite skipped="0" hostname="VAIO" name="browser.BaseClass" tests="1" failures="0" timestamp="2021-01-12T19:54:08 CAT" time="0.031" errors="0">
  <testcase name="ThandoServicesHomeLoad" time="0.031" classname="browser.BaseClass"/>
  <system-out/>
</testsuite> <!-- browser.BaseClass -->
